[1m========================================================================= test session starts =========================================================================[0m
platform linux -- Python 3.12.3, pytest-9.0.2, pluggy-1.6.0
rootdir: /home/jhon/llamia_v3_2
configfile: pyproject.toml
plugins: asyncio-1.3.0, anyio-4.12.0, langsmith-0.5.0
asyncio: mode=Mode.STRICT, debug=False, asyncio_default_fixture_loop_scope=None, asyncio_default_test_loop_scope=function
collected 0 items

[33m======================================================================== [33mno tests ran[0m[33m in 0.00s[0m[33m ========================================================================[0m
[31mERROR: file or directory not found: tests
[0m
